# Manual-review log -- generated 2026-06-07T11:30:25
# Source: c:\Users\OS\OneDrive\read_books\Lo-au\02_Papers-goc\Chua-phan-loai

STUB	HoangTrungHoc_2025_COVID_VN.pdf	size=22B; redownload before move; note=Duplicate of VN014 (stub-sized: 22 B -- will be flagged)
DUPE	NgoAnhVinh_2024_DTTS_LangSon.pdf	target exists: c:\Users\OS\OneDrive\read_books\Lo-au\02_Papers-goc\Viet-Nam\VN015_NgoAnhVinh_2024_LangSon_DTTS.pdf	(safe to delete source after manual SHA/size verify)
STUB	Pham_2024_QualityCare_VN_Adolescents.pdf	size=7070B; redownload before move; note=Stub-sized (7 KB) -- manual review; QT076 candidate
MEDIUM	VN_Hue_LoAu_TramCam_VTN_2025.pdf	-> c:\Users\OS\OneDrive\read_books\Lo-au\02_Papers-goc\Viet-Nam\VN_Hue_LoAu_TramCam_VTN_2025.pdf	Likely dupe of VN019 (HoThiTrucQuynh Hue 2025) -- verify
MEDIUM	VN_TPHCM_DASS_THPT_2024.pdf	-> c:\Users\OS\OneDrive\read_books\Lo-au\02_Papers-goc\Viet-Nam\VN_TPHCM_DASS_THPT_2024.pdf	Likely dupe of VN020 (TranHoVinhLoc TPHCM DASS-Y) -- verify
MEDIUM	VN_PNT_DASS_THPT_2025.pdf	-> c:\Users\OS\OneDrive\read_books\Lo-au\02_Papers-goc\Viet-Nam\VN_PNT_DASS_THPT_2025.pdf	Likely dupe of VN026 (TranDucSi LongAn PNT 2025) -- verify
DUPE	VN_Multicenter_2631HS_TPHCM_2025.pdf	target exists: c:\Users\OS\OneDrive\read_books\Lo-au\02_Papers-goc\Viet-Nam\VN029_Duong_SocPsychiatry_2631HS_TPHCM_2025.pdf	(safe to delete source after manual SHA/size verify)
STUB	SchoolFactors_VN_Anxiety_2021.pdf	size=16B; redownload before move; note=Stub-sized (16 B); likely dupe of VN027 -- manual review
REPARSE	Study on school-related factors impacting mental health and well-being of adolescents in Viet Nam.pdf	(OneDrive reparse/cloud stub error: [WinError 4392] The data present in the reparse point buffer is invalid: 'c:\\Users\\OS\\OneDrive\\read_books\\Lo-au\\02_Papers-goc\\Chua-phan-loai\\Study on school-related factors impacting mental health and well-being of adolescents in Viet Nam.pdf'; force-download in OneDrive then retry)
MEDIUM	TCNCYH_2025_LoAu_TramCam.pdf	-> c:\Users\OS\OneDrive\read_books\Lo-au\02_Papers-goc\Viet-Nam\TCNCYH_2025_LoAu_TramCam.pdf	Likely dupe of VN028 (DaoThiNgoan TCNCYH SVY4 HMU 2025) -- verify
DUPE	VNAMHS-Report_Eng_15-Feb-2023.pdf	target exists: c:\Users\OS\OneDrive\read_books\Lo-au\02_Papers-goc\Viet-Nam\VN002_VNAMHS_2022_National.pdf	(safe to delete source after manual SHA/size verify)
MEDIUM	tai-them-27052026/V-NAMHS_2022.pdf	-> c:\Users\OS\OneDrive\read_books\Lo-au\02_Papers-goc\Viet-Nam\V-NAMHS_2022.pdf	V-NAMHS variant -- likely same dataset as VN002; verify Vietnamese vs English
DUPE	Viet-nam/16.-NguyenThiVan.pdf	target exists: c:\Users\OS\OneDrive\read_books\Lo-au\02_Papers-goc\Viet-Nam\VN004_NguyenThiVan_2020_STAI_TPHCM.pdf	(safe to delete source after manual SHA/size verify)
DUPE	Viet-nam/TRANNGUYENNGOC-TamThan.pdf	target exists: c:\Users\OS\OneDrive\read_books\Lo-au\02_Papers-goc\Viet-Nam\VN005_TranNguyenNgoc_2018_LuanAn_ThuGian_GAD.pdf	(safe to delete source after manual SHA/size verify)
LOW	Viet-nam/CVv443S402020122.pdf	-> c:\Users\OS\OneDrive\read_books\Lo-au\02_Papers-goc\Viet-Nam\CVv443S402020122.pdf	Opaque VN journal code (Vietnam Journals Online CVv443) -- inspect; QT077 candidate
MEDIUM	Small_Blanc_2021_TamGiao_Vietnam.pdf	-> c:\Users\OS\OneDrive\read_books\Lo-au\02_Papers-goc\Viet-Nam\Small_Blanc_2021_TamGiao_Vietnam.pdf	Tam Giao = three Vietnamese teachings; QT085 candidate
LOW	1-s2.0-S266691532500054X-main.pdf	-> c:\Users\OS\OneDrive\read_books\Lo-au\02_Papers-goc\Dong-Nam-A\1-s2.0-S266691532500054X-main.pdf	Opaque ScienceDirect ID; possibly DNA -- inspect
LOW	PIIS2468266725000982.pdf	-> c:\Users\OS\OneDrive\read_books\Lo-au\02_Papers-goc\Dong-Nam-A\PIIS2468266725000982.pdf	Lancet Public Health PII; geography unknown -- inspect
REPARSE	Child Adoles Psych Nursing - 2025 - Anderson - Contributing Factors to the Rise in Adolescent Anxiety and Associated Mental.pdf	(OneDrive reparse/cloud stub error: [WinError 4392] The data present in the reparse point buffer is invalid: 'c:\\Users\\OS\\OneDrive\\read_books\\Lo-au\\02_Papers-goc\\Chua-phan-loai\\Child Adoles Psych Nursing - 2025 - Anderson - Contributing Factors to the Rise in Adolescent Anxiety and Associated Mental.pdf'; force-download in OneDrive then retry)
DUPE	Social_Anxiety_Young_People_7Countries_2020_PLOSONE.pdf	target exists: c:\Users\OS\OneDrive\read_books\Lo-au\02_Papers-goc\The-gioi_Au-My-Uc\QT035_Jefferies_SocialAnxiety_7Countries_2020.pdf	(safe to delete source after manual SHA/size verify)
MEDIUM	Digital_MH_SocialAnxiety_MetaAnalysis_2025.pdf	-> c:\Users\OS\OneDrive\read_books\Lo-au\02_Papers-goc\The-gioi_Au-My-Uc\Digital_MH_SocialAnxiety_MetaAnalysis_2025.pdf	Possibly QT040 (Walder DMHI SAD) -- verify
DUPE	Mindfulness_Nature_MentalHealth_2023.pdf	target exists: c:\Users\OS\OneDrive\read_books\Lo-au\02_Papers-goc\The-gioi_Au-My-Uc\QT052_Mindfulness_NatureMH_IPD_MA_2023.pdf	(safe to delete source after manual SHA/size verify)
DUPE	Pharmacotherapy_Anxiety_2020_Frontiers.pdf	target exists: c:\Users\OS\OneDrive\read_books\Lo-au\02_Papers-goc\The-gioi_Au-My-Uc\QT053_Pharmacotherapy_Anxiety_Review_Frontiers_2020.pdf	(safe to delete source after manual SHA/size verify)
DUPE	Chronic_Stress_Neuroinflammation_FrontPsych_2023.pdf	target exists: c:\Users\OS\OneDrive\read_books\Lo-au\02_Papers-goc\The-gioi_Au-My-Uc\QT054_ChronicStress_Neuroinflammation_FrontPsych_2023.pdf	(safe to delete source after manual SHA/size verify)
DUPE	Epigenetics_Childhood_Maltreatment_TranslPsych_2021.pdf	target exists: c:\Users\OS\OneDrive\read_books\Lo-au\02_Papers-goc\The-gioi_Au-My-Uc\QT055_Parade_Epigenetics_Maltreatment_TranslPsych_2021.pdf	(safe to delete source after manual SHA/size verify)
MEDIUM	CBT_Delivery_GAD_TranslPsych_2025.pdf	-> c:\Users\OS\OneDrive\read_books\Lo-au\02_Papers-goc\The-gioi_Au-My-Uc\CBT_Delivery_GAD_TranslPsych_2025.pdf	Possibly QT020 (Liu CBT NMA TranslPsych 2025) -- verify journal vs NMA
DUPE	tai-them-27052026/Pascoe_2020.pdf	target exists: c:\Users\OS\OneDrive\read_books\Lo-au\02_Papers-goc\The-gioi_Au-My-Uc\QT067_Pascoe_AcademicStress_IJAY_2020.pdf	(safe to delete source after manual SHA/size verify)
DUPE	Nakie_2022_Ethiopia_HighSchool_BMCPsych.pdf	target exists: c:\Users\OS\OneDrive\read_books\Lo-au\02_Papers-goc\The-gioi_Khac\QT006_Nakie_et_al_2022_Ethiopia.pdf	(safe to delete source after manual SHA/size verify)
DUPE	Chen_2023_Chinese_SecondarySchool_BMCPsych.pdf	target exists: c:\Users\OS\OneDrive\read_books\Lo-au\02_Papers-goc\The-gioi_Khac\QT007_Chen_et_al_2023_China_BMCPsych.pdf	(safe to delete source after manual SHA/size verify)
DUPE	Wen_2020_LPA_Anxiety_Rural_China.pdf	target exists: c:\Users\OS\OneDrive\read_books\Lo-au\02_Papers-goc\The-gioi_Khac\QT008_Wen_2020_China_Rural_LPA.pdf	(safe to delete source after manual SHA/size verify)
DUPE	Qiu_2022_ParentingStyle_Resilience_FrontPsych.pdf	target exists: c:\Users\OS\OneDrive\read_books\Lo-au\02_Papers-goc\The-gioi_Khac\QT009_Qiu_et_al_2022_China_Parenting.pdf	(safe to delete source after manual SHA/size verify)
DUPE	Bhardwaj_2020_Chandigarh_DASS21.pdf	target exists: c:\Users\OS\OneDrive\read_books\Lo-au\02_Papers-goc\The-gioi_Khac\QT011_Bhardwaj_et_al_2020_India_Chandigarh.pdf	(safe to delete source after manual SHA/size verify)
DUPE	Korea_Adolescent_MH_Trends_2024.pdf	target exists: c:\Users\OS\OneDrive\read_books\Lo-au\02_Papers-goc\The-gioi_Khac\QT034_Korea_Cho_MH_Trends_NatSciRep_2024.pdf	(safe to delete source after manual SHA/size verify)
DUPE	Microbiota_GutBrain_Anxiety_2024_FrontNeuro.pdf	target exists: c:\Users\OS\OneDrive\read_books\Lo-au\02_Papers-goc\The-gioi_Khac\QT056_Jiang_Microbiota_GutBrain_Anxiety_FrontNeuro_2024.pdf	(safe to delete source after manual SHA/size verify)
DUPE	Neuroinflammation_Neuromodulation_TranslPsych_2022.pdf	target exists: c:\Users\OS\OneDrive\read_books\Lo-au\02_Papers-goc\The-gioi_Khac\QT058_Guo_Neuroinflammation_Neuromodulation_TranslPsych_2022.pdf	(safe to delete source after manual SHA/size verify)
LOW	Stankov_2010_Confucian_Academic.pdf	-> c:\Users\OS\OneDrive\read_books\Lo-au\02_Papers-goc\The-gioi_Khac\Stankov_2010_Confucian_Academic.pdf	Stub-sized (1.8 KB) -- manual review
LOW	fpubh-12-1232856.pdf	-> c:\Users\OS\OneDrive\read_books\Lo-au\02_Papers-goc\The-gioi_Khac\fpubh-12-1232856.pdf	Frontiers Public Health opaque ID -- inspect
LOW	journal.pone.0316825.pdf	-> c:\Users\OS\OneDrive\read_books\Lo-au\02_Papers-goc\The-gioi_Khac\journal.pone.0316825.pdf	PLOS ONE opaque ID -- inspect
